2017-09-16 12:05:56,165 INFO o.a.j.u.JMeterUtils: Setting Locale to en_US
2017-09-16 12:05:56,228 INFO o.a.j.JMeter: Loading user properties from: user.properties
2017-09-16 12:05:56,228 INFO o.a.j.JMeter: Loading system properties from: system.properties
2017-09-16 12:05:56,243 INFO o.a.j.JMeter: Copyright (c) 1998-2017 The Apache Software Foundation
2017-09-16 12:05:56,243 INFO o.a.j.JMeter: Version 3.2 r1790748
2017-09-16 12:05:56,243 INFO o.a.j.JMeter: java.version=1.8.0_141
2017-09-16 12:05:56,243 INFO o.a.j.JMeter: java.vm.name=Java HotSpot(TM) 64-Bit Server VM
2017-09-16 12:05:56,243 INFO o.a.j.JMeter: os.name=Windows 7
2017-09-16 12:05:56,243 INFO o.a.j.JMeter: os.arch=amd64
2017-09-16 12:05:56,243 INFO o.a.j.JMeter: os.version=6.1
2017-09-16 12:05:56,243 INFO o.a.j.JMeter: file.encoding=Cp1252
2017-09-16 12:05:56,243 INFO o.a.j.JMeter: Max memory     =1890582528
2017-09-16 12:05:56,243 INFO o.a.j.JMeter: Available Processors =4
2017-09-16 12:05:56,290 INFO o.a.j.JMeter: Default Locale=English (United States)
2017-09-16 12:05:56,290 INFO o.a.j.JMeter: JMeter  Locale=English (United States)
2017-09-16 12:05:56,290 INFO o.a.j.JMeter: JMeterHome=G:\Classes\Jmeter\apache-jmeter-3.2
2017-09-16 12:05:56,290 INFO o.a.j.JMeter: user.dir  =G:\Classes\Jmeter\apache-jmeter-3.2\bin
2017-09-16 12:05:56,290 INFO o.a.j.JMeter: PWD       =G:\Classes\Jmeter\apache-jmeter-3.2\bin
2017-09-16 12:05:56,306 INFO o.a.j.JMeter: IP: 10.10.10.31 Name: vikramnishad1 FullName: vikramnishad1.vin.net
2017-09-16 12:05:57,398 INFO o.a.j.g.a.LookAndFeelCommand: Using look and feel: javax.swing.plaf.metal.MetalLookAndFeel [Metal, CrossPlatform]
2017-09-16 12:05:57,444 INFO o.a.j.JMeter: Loaded icon properties from org/apache/jmeter/images/icon.properties
2017-09-16 12:05:59,238 INFO o.a.j.e.u.CompoundVariable: Note: Function class names must contain the string: '.functions.'
2017-09-16 12:05:59,238 INFO o.a.j.e.u.CompoundVariable: Note: Function class names must not contain the string: '.gui.'
2017-09-16 12:06:01,500 INFO o.a.j.g.u.MenuFactory: Skipping org.apache.jmeter.assertions.BSFAssertion
2017-09-16 12:06:02,858 INFO o.a.j.g.u.MenuFactory: Skipping org.apache.jmeter.extractor.BSFPostProcessor
2017-09-16 12:06:02,951 INFO o.a.j.g.u.MenuFactory: Skipping org.apache.jmeter.modifiers.BSFPreProcessor
2017-09-16 12:06:03,029 INFO o.a.j.p.h.s.HTTPSamplerBase: Parser for text/html is org.apache.jmeter.protocol.http.parser.LagartoBasedHtmlParser
2017-09-16 12:06:03,029 INFO o.a.j.p.h.s.HTTPSamplerBase: Parser for application/xhtml+xml is org.apache.jmeter.protocol.http.parser.LagartoBasedHtmlParser
2017-09-16 12:06:03,029 INFO o.a.j.p.h.s.HTTPSamplerBase: Parser for application/xml is org.apache.jmeter.protocol.http.parser.LagartoBasedHtmlParser
2017-09-16 12:06:03,029 INFO o.a.j.p.h.s.HTTPSamplerBase: Parser for text/xml is org.apache.jmeter.protocol.http.parser.LagartoBasedHtmlParser
2017-09-16 12:06:03,029 INFO o.a.j.p.h.s.HTTPSamplerBase: Parser for text/vnd.wap.wml is org.apache.jmeter.protocol.http.parser.RegexpHTMLParser
2017-09-16 12:06:03,029 INFO o.a.j.p.h.s.HTTPSamplerBase: Parser for text/css is org.apache.jmeter.protocol.http.parser.CssParser
2017-09-16 12:06:04,109 INFO o.a.j.e.KeyToolUtils: keytool found at 'keytool'
2017-09-16 12:06:04,109 INFO o.a.j.p.h.p.ProxyControl: HTTP(S) Test Script Recorder SSL Proxy will use keys that support embedded 3rd party resources in file G:\Classes\Jmeter\apache-jmeter-3.2\bin\proxyserver.jks
2017-09-16 12:06:04,467 INFO o.a.j.g.u.MenuFactory: Skipping org.apache.jmeter.protocol.java.sampler.BSFSampler
2017-09-16 12:06:04,530 INFO o.a.j.s.FileServer: Default base='G:\Classes\Jmeter\apache-jmeter-3.2\bin'
2017-09-16 12:06:04,639 INFO o.a.j.g.u.MenuFactory: Skipping org.apache.jmeter.protocol.mongodb.config.MongoSourceElement
2017-09-16 12:06:04,639 INFO o.a.j.g.u.MenuFactory: Skipping org.apache.jmeter.protocol.mongodb.sampler.MongoScriptSampler
2017-09-16 12:06:05,622 INFO o.a.j.g.u.MenuFactory: Skipping org.apache.jmeter.timers.BSFTimer
2017-09-16 12:06:05,684 INFO o.a.j.g.u.MenuFactory: Skipping org.apache.jmeter.visualizers.BSFListener
2017-09-16 12:06:05,903 INFO o.a.j.s.SampleResult: Note: Sample TimeStamps are START times
2017-09-16 12:06:05,903 INFO o.a.j.s.SampleResult: sampleresult.default.encoding is set to ISO-8859-1
2017-09-16 12:06:05,903 INFO o.a.j.s.SampleResult: sampleresult.useNanoTime=true
2017-09-16 12:06:05,903 INFO o.a.j.s.SampleResult: sampleresult.nanoThreadSleep=5000
2017-09-16 12:09:47,571 WARN o.a.j.p.h.p.ProxyControl: Existing ROOT Certificate has expired, a new one will be created, ensure you install it in browser, message: NotAfter: Sun Sep 17 11:25:33 IST 2017
java.security.cert.CertificateExpiredException: NotAfter: Sun Sep 17 11:25:33 IST 2017
	at sun.security.x509.CertificateValidity.valid(Unknown Source) ~[?:1.8.0_141]
	at sun.security.x509.X509CertImpl.checkValidity(Unknown Source) ~[?:1.8.0_141]
	at org.apache.jmeter.protocol.http.proxy.ProxyControl.initDynamicKeyStore(ProxyControl.java:1468) [ApacheJMeter_http.jar:3.2 r1790748]
	at org.apache.jmeter.protocol.http.proxy.ProxyControl.initKeyStore(ProxyControl.java:1416) [ApacheJMeter_http.jar:3.2 r1790748]
	at org.apache.jmeter.protocol.http.proxy.ProxyControl.startProxy(ProxyControl.java:511) [ApacheJMeter_http.jar:3.2 r1790748]
	at org.apache.jmeter.protocol.http.proxy.gui.ProxyControlGui.startProxy(ProxyControlGui.java:543) [ApacheJMeter_http.jar:3.2 r1790748]
	at org.apache.jmeter.protocol.http.proxy.gui.ProxyControlGui.actionPerformed(ProxyControlGui.java:393) [ApacheJMeter_http.jar:3.2 r1790748]
	at javax.swing.AbstractButton.fireActionPerformed(Unknown Source) [?:1.8.0_141]
	at javax.swing.AbstractButton$Handler.actionPerformed(Unknown Source) [?:1.8.0_141]
	at javax.swing.DefaultButtonModel.fireActionPerformed(Unknown Source) [?:1.8.0_141]
	at javax.swing.DefaultButtonModel.setPressed(Unknown Source) [?:1.8.0_141]
	at javax.swing.plaf.basic.BasicButtonListener.mouseReleased(Unknown Source) [?:1.8.0_141]
	at java.awt.Component.processMouseEvent(Unknown Source) [?:1.8.0_141]
	at javax.swing.JComponent.processMouseEvent(Unknown Source) [?:1.8.0_141]
	at java.awt.Component.processEvent(Unknown Source) [?:1.8.0_141]
	at java.awt.Container.processEvent(Unknown Source) [?:1.8.0_141]
	at java.awt.Component.dispatchEventImpl(Unknown Source) [?:1.8.0_141]
	at java.awt.Container.dispatchEventImpl(Unknown Source) [?:1.8.0_141]
	at java.awt.Component.dispatchEvent(Unknown Source) [?:1.8.0_141]
	at java.awt.LightweightDispatcher.retargetMouseEvent(Unknown Source) [?:1.8.0_141]
	at java.awt.LightweightDispatcher.processMouseEvent(Unknown Source) [?:1.8.0_141]
	at java.awt.LightweightDispatcher.dispatchEvent(Unknown Source) [?:1.8.0_141]
	at java.awt.Container.dispatchEventImpl(Unknown Source) [?:1.8.0_141]
	at java.awt.Window.dispatchEventImpl(Unknown Source) [?:1.8.0_141]
	at java.awt.Component.dispatchEvent(Unknown Source) [?:1.8.0_141]
	at java.awt.EventQueue.dispatchEventImpl(Unknown Source) [?:1.8.0_141]
	at java.awt.EventQueue.access$500(Unknown Source) [?:1.8.0_141]
	at java.awt.EventQueue$3.run(Unknown Source) [?:1.8.0_141]
	at java.awt.EventQueue$3.run(Unknown Source) [?:1.8.0_141]
	at java.security.AccessController.doPrivileged(Native Method) ~[?:1.8.0_141]
	at java.security.ProtectionDomain$JavaSecurityAccessImpl.doIntersectionPrivilege(Unknown Source) [?:1.8.0_141]
	at java.security.ProtectionDomain$JavaSecurityAccessImpl.doIntersectionPrivilege(Unknown Source) [?:1.8.0_141]
	at java.awt.EventQueue$4.run(Unknown Source) [?:1.8.0_141]
	at java.awt.EventQueue$4.run(Unknown Source) [?:1.8.0_141]
	at java.security.AccessController.doPrivileged(Native Method) ~[?:1.8.0_141]
	at java.security.ProtectionDomain$JavaSecurityAccessImpl.doIntersectionPrivilege(Unknown Source) [?:1.8.0_141]
	at java.awt.EventQueue.dispatchEvent(Unknown Source) [?:1.8.0_141]
	at java.awt.EventDispatchThread.pumpOneEventForFilters(Unknown Source) [?:1.8.0_141]
	at java.awt.EventDispatchThread.pumpEventsForFilter(Unknown Source) [?:1.8.0_141]
	at java.awt.EventDispatchThread.pumpEventsForHierarchy(Unknown Source) [?:1.8.0_141]
	at java.awt.EventDispatchThread.pumpEvents(Unknown Source) [?:1.8.0_141]
	at java.awt.EventDispatchThread.pumpEvents(Unknown Source) [?:1.8.0_141]
	at java.awt.EventDispatchThread.run(Unknown Source) [?:1.8.0_141]
2017-09-16 12:09:47,611 INFO o.a.j.p.h.p.ProxyControl: Creating HTTP(S) Test Script Recorder Root CA in G:\Classes\Jmeter\apache-jmeter-3.2\bin\proxyserver.jks, ensure you install certificate in your Browser for recording
2017-09-16 12:09:53,428 INFO o.a.j.p.h.p.ProxyControl: Created keystore in G:\Classes\Jmeter\apache-jmeter-3.2\bin\proxyserver.jks
2017-09-16 12:09:53,438 INFO o.a.j.p.h.p.Daemon: Creating Daemon Socket on port: 8888
2017-09-16 12:09:53,448 INFO o.a.j.p.h.p.Daemon: Test Script Recorder up and running!
2017-09-16 12:10:08,010 INFO o.a.j.p.h.p.Proxy: Proxy will remove the headers: If-Modified-Since,If-None-Match,Host
2017-09-16 12:10:08,015 INFO o.a.j.p.h.p.ProxyControl: [62016] Creating entry api.accounts.firefox.com in G:\Classes\Jmeter\apache-jmeter-3.2\bin\proxyserver.jks
2017-09-16 12:10:11,087 INFO o.a.j.p.h.s.HTTPHCAbstractImpl: Local host = vikramnishad1
2017-09-16 12:10:11,112 INFO o.a.j.p.h.s.HTTPHC4Impl: HTTP request retry count = 0
2017-09-16 12:10:11,839 INFO o.a.j.p.h.p.Proxy: [62016] KeyStore for SSL loaded OK and put host 'api.accounts.firefox.com' in map with key (api.accounts.firefox.com)
2017-09-16 12:10:12,135 INFO o.a.j.p.h.p.ProxyControl: [62026] Creating entry incoming.telemetry.mozilla.org in G:\Classes\Jmeter\apache-jmeter-3.2\bin\proxyserver.jks
2017-09-16 12:10:12,405 WARN o.a.j.p.h.p.Proxy: [62016] Problem with SSL certificate for 'api.accounts.firefox.com'? Ensure browser is set to accept the JMeter proxy cert: Software caused connection abort: recv failed
2017-09-16 12:10:12,423 INFO o.a.j.s.SampleEvent: List of sample_variables: []
2017-09-16 12:10:17,768 INFO o.a.j.p.h.p.Proxy: [62026] KeyStore for SSL loaded OK and put host 'incoming.telemetry.mozilla.org' in map with key (incoming.telemetry.mozilla.org)
2017-09-16 12:10:17,805 WARN o.a.j.p.h.p.Proxy: [62026] Problem with SSL certificate for 'incoming.telemetry.mozilla.org'? Ensure browser is set to accept the JMeter proxy cert: Software caused connection abort: recv failed
2017-09-16 12:10:59,281 INFO o.a.j.p.h.p.Daemon: HTTP(S) Test Script Recorder stopped
2017-09-16 12:11:43,810 INFO o.a.j.s.FileServer: Set new base='G:\Classes\Jmeter\apache-jmeter-3.2\bin'
2017-09-16 12:11:44,400 INFO o.a.j.s.SaveService: Testplan (JMX) version: 2.2. Testlog (JTL) version: 2.2
2017-09-16 12:11:44,420 INFO o.a.j.s.SaveService: Using SaveService properties file encoding UTF-8
2017-09-16 12:11:44,420 INFO o.a.j.s.SaveService: Using SaveService properties version 3.2
2017-09-16 12:11:44,560 INFO o.a.j.e.StandardJMeterEngine: Running the test!
2017-09-16 12:11:44,560 INFO o.a.j.s.SampleEvent: List of sample_variables: []
2017-09-16 12:11:44,590 INFO o.a.j.g.u.JMeterMenuBar: setRunning(true, *local*)
2017-09-16 12:11:44,834 INFO o.a.j.e.StandardJMeterEngine: Starting ThreadGroup: 1 : Thread Group
2017-09-16 12:11:44,834 INFO o.a.j.e.StandardJMeterEngine: Starting 1 threads for group Thread Group.
2017-09-16 12:11:44,834 INFO o.a.j.e.StandardJMeterEngine: Thread will continue on error
2017-09-16 12:11:44,835 INFO o.a.j.t.ThreadGroup: Starting thread group... number=1 threads=1 ramp-up=1 perThread=1000.0 delayedStart=false
2017-09-16 12:11:44,840 INFO o.a.j.t.ThreadGroup: Started thread group number 1
2017-09-16 12:11:44,840 INFO o.a.j.e.StandardJMeterEngine: Starting ThreadGroup: 2 : Thread Group
2017-09-16 12:11:44,850 INFO o.a.j.t.JMeterThread: Thread started: Thread Group 1-1
2017-09-16 12:11:44,850 INFO o.a.j.e.StandardJMeterEngine: Starting 1 threads for group Thread Group.
2017-09-16 12:11:44,850 INFO o.a.j.e.StandardJMeterEngine: Thread will continue on error
2017-09-16 12:11:44,850 INFO o.a.j.t.ThreadGroup: Starting thread group... number=2 threads=1 ramp-up=1 perThread=1000.0 delayedStart=false
2017-09-16 12:11:44,850 INFO o.a.j.t.JMeterThread: Thread started: Thread Group 2-1
2017-09-16 12:11:44,850 INFO o.a.j.t.ThreadGroup: Started thread group number 2
2017-09-16 12:11:44,850 INFO o.a.j.t.JMeterThread: Thread is done: Thread Group 2-1
2017-09-16 12:11:44,850 INFO o.a.j.t.JMeterThread: Thread finished: Thread Group 2-1
2017-09-16 12:11:44,850 INFO o.a.j.e.StandardJMeterEngine: Starting ThreadGroup: 3 : Thread Group
2017-09-16 12:11:44,860 INFO o.a.j.e.StandardJMeterEngine: Starting 1 threads for group Thread Group.
2017-09-16 12:11:44,860 INFO o.a.j.e.StandardJMeterEngine: Thread will continue on error
2017-09-16 12:11:44,860 INFO o.a.j.t.ThreadGroup: Starting thread group... number=3 threads=1 ramp-up=1 perThread=1000.0 delayedStart=false
2017-09-16 12:11:44,860 INFO o.a.j.t.ThreadGroup: Started thread group number 3
2017-09-16 12:11:44,860 INFO o.a.j.e.StandardJMeterEngine: Starting ThreadGroup: 4 : Thread Group
2017-09-16 12:11:44,860 INFO o.a.j.e.StandardJMeterEngine: Starting 1 threads for group Thread Group.
2017-09-16 12:11:44,860 INFO o.a.j.e.StandardJMeterEngine: Thread will continue on error
2017-09-16 12:11:44,860 INFO o.a.j.t.ThreadGroup: Starting thread group... number=4 threads=1 ramp-up=1 perThread=1000.0 delayedStart=false
2017-09-16 12:11:44,860 INFO o.a.j.t.JMeterThread: Thread started: Thread Group 3-1
2017-09-16 12:11:44,860 INFO o.a.j.t.JMeterThread: Thread is done: Thread Group 3-1
2017-09-16 12:11:44,860 INFO o.a.j.t.ThreadGroup: Started thread group number 4
2017-09-16 12:11:44,860 INFO o.a.j.t.JMeterThread: Thread finished: Thread Group 3-1
2017-09-16 12:11:44,860 INFO o.a.j.e.StandardJMeterEngine: Starting ThreadGroup: 5 : Thread Group
2017-09-16 12:11:44,860 INFO o.a.j.t.JMeterThread: Thread started: Thread Group 4-1
2017-09-16 12:11:44,860 INFO o.a.j.t.JMeterThread: Thread is done: Thread Group 4-1
2017-09-16 12:11:44,860 INFO o.a.j.t.JMeterThread: Thread finished: Thread Group 4-1
2017-09-16 12:11:44,860 INFO o.a.j.e.StandardJMeterEngine: Starting 1 threads for group Thread Group.
2017-09-16 12:11:44,860 INFO o.a.j.e.StandardJMeterEngine: Thread will continue on error
2017-09-16 12:11:44,860 INFO o.a.j.t.ThreadGroup: Starting thread group... number=5 threads=1 ramp-up=1 perThread=1000.0 delayedStart=false
2017-09-16 12:11:44,860 INFO o.a.j.t.ThreadGroup: Started thread group number 5
2017-09-16 12:11:44,860 INFO o.a.j.e.StandardJMeterEngine: Starting ThreadGroup: 6 : Thread Group
2017-09-16 12:11:44,860 INFO o.a.j.e.StandardJMeterEngine: Starting 1 threads for group Thread Group.
2017-09-16 12:11:44,860 INFO o.a.j.e.StandardJMeterEngine: Thread will continue on error
2017-09-16 12:11:44,860 INFO o.a.j.t.JMeterThread: Thread started: Thread Group 5-1
2017-09-16 12:11:44,860 INFO o.a.j.t.ThreadGroup: Starting thread group... number=6 threads=1 ramp-up=1 perThread=1000.0 delayedStart=false
2017-09-16 12:11:44,860 INFO o.a.j.t.ThreadGroup: Started thread group number 6
2017-09-16 12:11:44,860 INFO o.a.j.t.JMeterThread: Thread started: Thread Group 6-1
2017-09-16 12:11:44,860 INFO o.a.j.t.JMeterThread: Thread is done: Thread Group 5-1
2017-09-16 12:11:44,860 INFO o.a.j.t.JMeterThread: Thread finished: Thread Group 5-1
2017-09-16 12:11:44,860 INFO o.a.j.t.JMeterThread: Thread is done: Thread Group 6-1
2017-09-16 12:11:44,860 INFO o.a.j.t.JMeterThread: Thread finished: Thread Group 6-1
2017-09-16 12:11:44,860 INFO o.a.j.e.StandardJMeterEngine: Starting ThreadGroup: 7 : Thread Group
2017-09-16 12:11:44,860 INFO o.a.j.e.StandardJMeterEngine: Starting 1 threads for group Thread Group.
2017-09-16 12:11:44,860 INFO o.a.j.e.StandardJMeterEngine: Thread will continue on error
2017-09-16 12:11:44,860 INFO o.a.j.t.ThreadGroup: Starting thread group... number=7 threads=1 ramp-up=1 perThread=1000.0 delayedStart=false
2017-09-16 12:11:44,860 INFO o.a.j.t.ThreadGroup: Started thread group number 7
2017-09-16 12:11:44,860 INFO o.a.j.e.StandardJMeterEngine: All thread groups have been started
2017-09-16 12:11:44,860 INFO o.a.j.t.JMeterThread: Thread started: Thread Group 7-1
2017-09-16 12:11:44,870 INFO o.a.j.t.JMeterThread: Thread is done: Thread Group 7-1
2017-09-16 12:11:44,870 INFO o.a.j.t.JMeterThread: Thread finished: Thread Group 7-1
2017-09-16 12:11:48,400 INFO o.a.j.t.JMeterThread: Thread is done: Thread Group 1-1
2017-09-16 12:11:48,400 INFO o.a.j.t.JMeterThread: Thread finished: Thread Group 1-1
2017-09-16 12:11:48,400 INFO o.a.j.e.StandardJMeterEngine: Notifying test listeners of end of test
2017-09-16 12:11:48,410 INFO o.a.j.g.u.JMeterMenuBar: setRunning(false, *local*)
2017-09-16 12:12:59,812 INFO o.a.j.g.a.Load: Loading file: G:\Classes\Jmeter\apache-jmeter-3.2\bin\Projec1.jmx
2017-09-16 12:12:59,812 INFO o.a.j.s.FileServer: Set new base='G:\Classes\Jmeter\apache-jmeter-3.2\bin'
2017-09-16 12:12:59,812 INFO o.a.j.s.SaveService: Loading file: G:\Classes\Jmeter\apache-jmeter-3.2\bin\Projec1.jmx
2017-09-16 12:12:59,952 INFO o.a.j.p.h.c.CookieManager: Settings: Delete null: true Check: true Allow variable: true Save: false Prefix: COOKIE_
2017-09-16 12:12:59,962 INFO o.a.j.p.h.c.CacheManager: Will only cache the following methods: [GET]
2017-09-16 12:13:00,326 INFO o.a.j.s.FileServer: Set new base='G:\Classes\Jmeter\apache-jmeter-3.2\bin'
2017-09-16 12:13:19,326 INFO o.a.j.e.StandardJMeterEngine: Running the test!
2017-09-16 12:13:19,326 INFO o.a.j.s.SampleEvent: List of sample_variables: []
2017-09-16 12:13:19,346 INFO o.a.j.g.u.JMeterMenuBar: setRunning(true, *local*)
2017-09-16 12:13:19,770 INFO o.a.j.e.StandardJMeterEngine: Starting ThreadGroup: 1 : Thread Group
2017-09-16 12:13:19,770 INFO o.a.j.e.StandardJMeterEngine: Starting 1 threads for group Thread Group.
2017-09-16 12:13:19,770 INFO o.a.j.e.StandardJMeterEngine: Thread will continue on error
2017-09-16 12:13:19,770 INFO o.a.j.t.ThreadGroup: Starting thread group... number=1 threads=1 ramp-up=50 perThread=50000.0 delayedStart=false
2017-09-16 12:13:19,770 INFO o.a.j.t.ThreadGroup: Started thread group number 1
2017-09-16 12:13:19,770 INFO o.a.j.e.StandardJMeterEngine: All thread groups have been started
2017-09-16 12:13:19,780 INFO o.a.j.t.JMeterThread: Thread started: Thread Group 1-1
2017-09-16 12:13:19,780 INFO o.a.j.s.FileServer: Stored: G:\Classes\Jmeter\apache-jmeter-3.2\bin\UserNamePassword.csv
2017-09-16 12:13:19,810 INFO o.a.j.s.FileServer: Stored: G:\Classes\Jmeter\apache-jmeter-3.2\bin\DeliveryNumber_USN.csv
2017-09-16 12:13:27,400 INFO o.a.j.t.JMeterThread: Thread is done: Thread Group 1-1
2017-09-16 12:13:27,400 INFO o.a.j.t.JMeterThread: Thread finished: Thread Group 1-1
2017-09-16 12:13:27,400 INFO o.a.j.e.StandardJMeterEngine: Notifying test listeners of end of test
2017-09-16 12:13:27,400 INFO o.a.j.s.FileServer: Close: G:\Classes\Jmeter\apache-jmeter-3.2\bin\DeliveryNumber_USN.csv
2017-09-16 12:13:27,400 INFO o.a.j.s.FileServer: Close: G:\Classes\Jmeter\apache-jmeter-3.2\bin\UserNamePassword.csv
2017-09-16 12:13:27,400 INFO o.a.j.g.u.JMeterMenuBar: setRunning(false, *local*)
